<?xml version="1.0" encoding="UTF-8"?>
<testng-results ignored="0" total="1" passed="1" failed="0" skipped="0">
  <reporter-output>
  </reporter-output>
  <suite started-at="2022-10-01T09:08:59 IST" name="Default suite" finished-at="2022-10-01T09:09:02 IST" duration-ms="2836">
    <groups>
    </groups>
    <test started-at="2022-10-01T09:08:59 IST" name="Default test" finished-at="2022-10-01T09:09:02 IST" duration-ms="2836">
      <class name="payloadFromFile">
        <test-method signature="addPlace()[pri:0, instance:payloadFromFile@2abf4075]" started-at="2022-10-01T09:08:59 IST" name="addPlace" finished-at="2022-10-01T09:09:02 IST" duration-ms="2800" status="PASS">
          <reporter-output>
          </reporter-output>
        </test-method> <!-- addPlace -->
      </class> <!-- payloadFromFile -->
    </test> <!-- Default test -->
  </suite> <!-- Default suite -->
</testng-results>
