<?xml version="1.0" encoding="UTF-8"?>
<testng-results ignored="0" total="1" passed="1" failed="0" skipped="0">
  <reporter-output>
  </reporter-output>
  <suite started-at="2023-01-19T09:56:57 IST" name="Default suite" finished-at="2023-01-19T09:57:00 IST" duration-ms="3131">
    <groups>
    </groups>
    <test started-at="2023-01-19T09:56:57 IST" name="Default test" finished-at="2023-01-19T09:57:00 IST" duration-ms="3131">
      <class name="coforgetraining.airlineapiTest">
        <test-method signature="createairlineTest()[pri:0, instance:coforgetraining.airlineapiTest@17f9d882]" started-at="2023-01-19T09:56:57 IST" name="createairlineTest" finished-at="2023-01-19T09:57:00 IST" duration-ms="3095" status="PASS">
          <reporter-output>
          </reporter-output>
        </test-method> <!-- createairlineTest -->
      </class> <!-- coforgetraining.airlineapiTest -->
    </test> <!-- Default test -->
  </suite> <!-- Default suite -->
</testng-results>
